\BOOKMARK [0][-]{chapter.1}{Einleitung}{}% 1
\BOOKMARK [1][-]{section.1.1}{Hintergrund}{chapter.1}% 2
\BOOKMARK [1][-]{section.1.2}{Ziele der Arbeit}{chapter.1}% 3
\BOOKMARK [1][-]{section.1.3}{Gliederung des weiteren Dokumentes}{chapter.1}% 4
\BOOKMARK [0][-]{chapter.2}{Erstellung der Arbeit}{}% 5
\BOOKMARK [1][-]{section.2.1}{Pr\374fung der Voraussetzungen f\374r die Zulassung / Anmeldung der Abschlussarbeit}{chapter.2}% 6
\BOOKMARK [1][-]{section.2.2}{Formulierung des Themas}{chapter.2}% 7
\BOOKMARK [2][-]{subsection.2.2.1}{Vorgegebenes Thema}{section.2.2}% 8
\BOOKMARK [2][-]{subsection.2.2.2}{Gemeinsame Entwicklung des Themas}{section.2.2}% 9
\BOOKMARK [1][-]{section.2.3}{Formblatt zur\374ck ans Sekretariat \(durch Erstpr\374ferIn\)}{chapter.2}% 10
\BOOKMARK [1][-]{section.2.4}{Bearbeitungszeit}{chapter.2}% 11
\BOOKMARK [1][-]{section.2.5}{Betreuung}{chapter.2}% 12
\BOOKMARK [2][-]{subsection.2.5.1}{Betreuung bei interner Arbeit}{section.2.5}% 13
\BOOKMARK [2][-]{subsection.2.5.2}{Betreuung bei externer Arbeit}{section.2.5}% 14
\BOOKMARK [2][-]{subsection.2.5.3}{Zwischenst\344nde der Ausarbeitung}{section.2.5}% 15
\BOOKMARK [1][-]{section.2.6}{Zweitpr\374ferIn}{chapter.2}% 16
\BOOKMARK [1][-]{section.2.7}{Fertigstellungsdatum und Abgabe}{chapter.2}% 17
\BOOKMARK [1][-]{section.2.8}{Terminabsprache f\374r das Kolloquium}{chapter.2}% 18
\BOOKMARK [1][-]{section.2.9}{Kolloquium}{chapter.2}% 19
\BOOKMARK [1][-]{section.2.10}{Bewertung der Arbeit}{chapter.2}% 20
\BOOKMARK [0][-]{chapter.3}{Strukturierung der Abschlussarbeit}{}% 21
\BOOKMARK [1][-]{section.3.1}{Deckblatt}{chapter.3}% 22
\BOOKMARK [1][-]{section.3.2}{Aufgabenstellung}{chapter.3}% 23
\BOOKMARK [1][-]{section.3.3}{Erkl\344rung}{chapter.3}% 24
\BOOKMARK [1][-]{section.3.4}{Zusammenfassung}{chapter.3}% 25
\BOOKMARK [1][-]{section.3.5}{Inhaltsverzeichnis}{chapter.3}% 26
\BOOKMARK [1][-]{section.3.6}{Liste der Abbildungen und Tabellen}{chapter.3}% 27
\BOOKMARK [1][-]{section.3.7}{Kapitel 1: Einleitung}{chapter.3}% 28
\BOOKMARK [1][-]{section.3.8}{Kapitel 2-n}{chapter.3}% 29
\BOOKMARK [2][-]{subsection.3.8.1}{Kapitelweise Einleitungen und Zusammenfassungen}{section.3.8}% 30
\BOOKMARK [2][-]{subsection.3.8.2}{Beispielgliederung}{section.3.8}% 31
\BOOKMARK [1][-]{section.3.9}{Schlusskapitel: Zusammenfassung der Ergebnisse und Ausblick}{chapter.3}% 32
\BOOKMARK [1][-]{section.3.10}{Danksagung}{chapter.3}% 33
\BOOKMARK [1][-]{section.3.11}{Anh\344nge}{chapter.3}% 34
\BOOKMARK [1][-]{section.3.12}{Literatur}{chapter.3}% 35
\BOOKMARK [1][-]{section.3.13}{CD}{chapter.3}% 36
\BOOKMARK [0][-]{chapter.4}{Hinweise zum Schreiben der Arbeit}{}% 37
\BOOKMARK [1][-]{section.4.1}{Umfang der Arbeit}{chapter.4}% 38
\BOOKMARK [1][-]{section.4.2}{Schreibstil}{chapter.4}% 39
\BOOKMARK [1][-]{section.4.3}{Verwendung von Zeiten}{chapter.4}% 40
\BOOKMARK [1][-]{section.4.4}{Grundlegende Anforderungen an die Formatierung}{chapter.4}% 41
\BOOKMARK [1][-]{section.4.5}{Hervorhebungen}{chapter.4}% 42
\BOOKMARK [1][-]{section.4.6}{Quellenangaben und Zitate}{chapter.4}% 43
\BOOKMARK [1][-]{section.4.7}{Bilder}{chapter.4}% 44
\BOOKMARK [1][-]{section.4.8}{Tabellen}{chapter.4}% 45
\BOOKMARK [1][-]{section.4.9}{Programmcode}{chapter.4}% 46
\BOOKMARK [1][-]{section.4.10}{Abk\374rzungen und Begriffe}{chapter.4}% 47
\BOOKMARK [1][-]{section.4.11}{Rechtschreibung}{chapter.4}% 48
\BOOKMARK [0][-]{chapter.5}{Zusammenfassung und Ausblick}{}% 49
\BOOKMARK [0][-]{chapter.6}{Danksagungen}{}% 50
\BOOKMARK [0][-]{chapter*.2}{Appendix A: H\344ufig gestellte Fragen}{}% 51
\BOOKMARK [0][-]{chapter*.3}{Abbildungsverzeichnis}{}% 52
\BOOKMARK [0][-]{chapter*.4}{Tabellenverzeichnis}{}% 53
